This is pdfTeX, Version 3.14159265-2.6-1.40.20 (TeX Live 2019) (preloaded format=pdflatex 2020.1.25)  14 MAR 2020 15:58
entering extended mode
 restricted \write18 enabled.
 %&-line parsing enabled.
**resume.tex
(./resume.tex
LaTeX2e <2019-10-01> patch level 3
(/usr/local/texlive/2015/texmf-dist/tex/latex/base/article.cls
Document Class: article 2019/10/25 v1.4k Standard LaTeX document class
(/usr/local/texlive/2015/texmf-dist/tex/latex/base/size10.clo
File: size10.clo 2019/10/25 v1.4k Standard LaTeX file (size option)
)
\c@part=\count80
\c@section=\count81
\c@subsection=\count82
\c@subsubsection=\count83
\c@paragraph=\count84
\c@subparagraph=\count85
\c@figure=\count86
\c@table=\count87
\abovecaptionskip=\skip41
\belowcaptionskip=\skip42
\bibindent=\dimen102
) (/usr/local/texlive/2015/texmf-dist/tex/latex/dejavu/DejaVuSansMono.sty
Package: DejaVuSansMono 2011/06/01 Style file for DejaVuSansMono.
(/usr/local/texlive/2015/texmf-dist/tex/latex/graphics/keyval.sty
Package: keyval 2014/10/28 v1.15 key=value parser (DPC)
\KV@toks@=\toks14
)) (/usr/local/texlive/2015/texmf-dist/tex/latex/carlito/carlito.sty
Package: carlito 2014/08/20 (Bob Tennent) Supports Carlito fonts for LaTeX, pdf
LaTeX, luaLaTeX and xeLaTeX.
(/usr/local/texlive/2015/texmf-dist/tex/generic/iftex/ifxetex.sty
Package: ifxetex 2019/10/25 v0.7 ifxetex legacy package. Use iftex instead.
(/usr/local/texlive/2015/texmf-dist/tex/generic/iftex/iftex.sty
Package: iftex 2019/11/07 v1.0c TeX engine tests
)) (/usr/local/texlive/2015/texmf-dist/tex/generic/iftex/ifluatex.sty
Package: ifluatex 2019/10/25 v1.5 ifluatex legacy package. Use iftex instead.
) (/usr/local/texlive/2015/texmf-dist/tex/latex/xkeyval/xkeyval.sty
Package: xkeyval 2014/12/03 v2.7a package option processing (HA)
(/usr/local/texlive/2015/texmf-dist/tex/generic/xkeyval/xkeyval.tex (/usr/local
/texlive/2015/texmf-dist/tex/generic/xkeyval/xkvutils.tex
\XKV@toks=\toks15
\XKV@tempa@toks=\toks16
)
\XKV@depth=\count88
File: xkeyval.tex 2014/12/03 v2.7a key=value parser (HA)
)) (/usr/local/texlive/2015/texmf-dist/tex/latex/base/textcomp.sty
Package: textcomp 2018/08/11 v2.0j Standard LaTeX package
Package textcomp Info: Sub-encoding information:
(textcomp)               5 = only ISO-Adobe without \textcurrency
(textcomp)               4 = 5 + \texteuro
(textcomp)               3 = 4 + \textohm
(textcomp)               2 = 3 + \textestimated + \textcurrency
(textcomp)               1 = TS1 - \textcircled - \t
(textcomp)               0 = TS1 (full)
(textcomp)             Font families with sub-encoding setting implement
(textcomp)             only a restricted character set as indicated.
(textcomp)             Family '?' is the default used for unknown fonts.
(textcomp)             See the documentation for details.
Package textcomp Info: Setting ? sub-encoding to TS1/1 on input line 79.
(/usr/local/texlive/2015/texmf-dist/tex/latex/base/ts1enc.def
File: ts1enc.def 2001/06/05 v3.0e (jk/car/fm) Standard LaTeX file
Now handling font encoding TS1 ...
... processing UTF-8 mapping file for font encoding TS1
(/usr/local/texlive/2015/texmf-dist/tex/latex/base/ts1enc.dfu
File: ts1enc.dfu 2019/07/11 v1.2j UTF-8 support for inputenc
   defining Unicode char U+00A2 (decimal 162)
   defining Unicode char U+00A3 (decimal 163)
   defining Unicode char U+00A4 (decimal 164)
   defining Unicode char U+00A5 (decimal 165)
   defining Unicode char U+00A6 (decimal 166)
   defining Unicode char U+00A7 (decimal 167)
   defining Unicode char U+00A8 (decimal 168)
   defining Unicode char U+00A9 (decimal 169)
   defining Unicode char U+00AA (decimal 170)
   defining Unicode char U+00AC (decimal 172)
   defining Unicode char U+00AE (decimal 174)
   defining Unicode char U+00AF (decimal 175)
   defining Unicode char U+00B0 (decimal 176)
   defining Unicode char U+00B1 (decimal 177)
   defining Unicode char U+00B2 (decimal 178)
   defining Unicode char U+00B3 (decimal 179)
   defining Unicode char U+00B4 (decimal 180)
   defining Unicode char U+00B5 (decimal 181)
   defining Unicode char U+00B6 (decimal 182)
   defining Unicode char U+00B7 (decimal 183)
   defining Unicode char U+00B9 (decimal 185)
   defining Unicode char U+00BA (decimal 186)
   defining Unicode char U+00BC (decimal 188)
   defining Unicode char U+00BD (decimal 189)
   defining Unicode char U+00BE (decimal 190)
   defining Unicode char U+00D7 (decimal 215)
   defining Unicode char U+00F7 (decimal 247)
   defining Unicode char U+0192 (decimal 402)
   defining Unicode char U+02C7 (decimal 711)
   defining Unicode char U+02D8 (decimal 728)
   defining Unicode char U+02DD (decimal 733)
   defining Unicode char U+0E3F (decimal 3647)
   defining Unicode char U+2016 (decimal 8214)
   defining Unicode char U+2020 (decimal 8224)
   defining Unicode char U+2021 (decimal 8225)
   defining Unicode char U+2022 (decimal 8226)
   defining Unicode char U+2030 (decimal 8240)
   defining Unicode char U+2031 (decimal 8241)
   defining Unicode char U+203B (decimal 8251)
   defining Unicode char U+203D (decimal 8253)
   defining Unicode char U+2044 (decimal 8260)
   defining Unicode char U+204E (decimal 8270)
   defining Unicode char U+2052 (decimal 8274)
   defining Unicode char U+20A1 (decimal 8353)
   defining Unicode char U+20A4 (decimal 8356)
   defining Unicode char U+20A6 (decimal 8358)
   defining Unicode char U+20A9 (decimal 8361)
   defining Unicode char U+20AB (decimal 8363)
   defining Unicode char U+20AC (decimal 8364)
   defining Unicode char U+20B1 (decimal 8369)
   defining Unicode char U+2103 (decimal 8451)
   defining Unicode char U+2116 (decimal 8470)
   defining Unicode char U+2117 (decimal 8471)
   defining Unicode char U+211E (decimal 8478)
   defining Unicode char U+2120 (decimal 8480)
   defining Unicode char U+2122 (decimal 8482)
   defining Unicode char U+2126 (decimal 8486)
   defining Unicode char U+2127 (decimal 8487)
   defining Unicode char U+212E (decimal 8494)
   defining Unicode char U+2190 (decimal 8592)
   defining Unicode char U+2191 (decimal 8593)
   defining Unicode char U+2192 (decimal 8594)
   defining Unicode char U+2193 (decimal 8595)
   defining Unicode char U+2329 (decimal 9001)
   defining Unicode char U+232A (decimal 9002)
   defining Unicode char U+2422 (decimal 9250)
   defining Unicode char U+25E6 (decimal 9702)
   defining Unicode char U+25EF (decimal 9711)
   defining Unicode char U+266A (decimal 9834)
   defining Unicode char U+27E8 (decimal 10216)
   defining Unicode char U+27E9 (decimal 10217)
   defining Unicode char U+FEFF (decimal 65279)
))
LaTeX Info: Redefining \oldstylenums on input line 334.
Package textcomp Info: Setting cmr sub-encoding to TS1/0 on input line 349.
Package textcomp Info: Setting cmss sub-encoding to TS1/0 on input line 350.
Package textcomp Info: Setting cmtt sub-encoding to TS1/0 on input line 351.
Package textcomp Info: Setting cmvtt sub-encoding to TS1/0 on input line 352.
Package textcomp Info: Setting cmbr sub-encoding to TS1/0 on input line 353.
Package textcomp Info: Setting cmtl sub-encoding to TS1/0 on input line 354.
Package textcomp Info: Setting ccr sub-encoding to TS1/0 on input line 355.
Package textcomp Info: Setting ptm sub-encoding to TS1/4 on input line 356.
Package textcomp Info: Setting pcr sub-encoding to TS1/4 on input line 357.
Package textcomp Info: Setting phv sub-encoding to TS1/4 on input line 358.
Package textcomp Info: Setting ppl sub-encoding to TS1/3 on input line 359.
Package textcomp Info: Setting pag sub-encoding to TS1/4 on input line 360.
Package textcomp Info: Setting pbk sub-encoding to TS1/4 on input line 361.
Package textcomp Info: Setting pnc sub-encoding to TS1/4 on input line 362.
Package textcomp Info: Setting pzc sub-encoding to TS1/4 on input line 363.
Package textcomp Info: Setting bch sub-encoding to TS1/4 on input line 364.
Package textcomp Info: Setting put sub-encoding to TS1/5 on input line 365.
Package textcomp Info: Setting uag sub-encoding to TS1/5 on input line 366.
Package textcomp Info: Setting ugq sub-encoding to TS1/5 on input line 367.
Package textcomp Info: Setting ul8 sub-encoding to TS1/4 on input line 368.
Package textcomp Info: Setting ul9 sub-encoding to TS1/4 on input line 369.
Package textcomp Info: Setting augie sub-encoding to TS1/5 on input line 370.
Package textcomp Info: Setting dayrom sub-encoding to TS1/3 on input line 371.
Package textcomp Info: Setting dayroms sub-encoding to TS1/3 on input line 372.

Package textcomp Info: Setting pxr sub-encoding to TS1/0 on input line 373.
Package textcomp Info: Setting pxss sub-encoding to TS1/0 on input line 374.
Package textcomp Info: Setting pxtt sub-encoding to TS1/0 on input line 375.
Package textcomp Info: Setting txr sub-encoding to TS1/0 on input line 376.
Package textcomp Info: Setting txss sub-encoding to TS1/0 on input line 377.
Package textcomp Info: Setting txtt sub-encoding to TS1/0 on input line 378.
Package textcomp Info: Setting lmr sub-encoding to TS1/0 on input line 379.
Package textcomp Info: Setting lmdh sub-encoding to TS1/0 on input line 380.
Package textcomp Info: Setting lmss sub-encoding to TS1/0 on input line 381.
Package textcomp Info: Setting lmssq sub-encoding to TS1/0 on input line 382.
Package textcomp Info: Setting lmvtt sub-encoding to TS1/0 on input line 383.
Package textcomp Info: Setting lmtt sub-encoding to TS1/0 on input line 384.
Package textcomp Info: Setting qhv sub-encoding to TS1/0 on input line 385.
Package textcomp Info: Setting qag sub-encoding to TS1/0 on input line 386.
Package textcomp Info: Setting qbk sub-encoding to TS1/0 on input line 387.
Package textcomp Info: Setting qcr sub-encoding to TS1/0 on input line 388.
Package textcomp Info: Setting qcs sub-encoding to TS1/0 on input line 389.
Package textcomp Info: Setting qpl sub-encoding to TS1/0 on input line 390.
Package textcomp Info: Setting qtm sub-encoding to TS1/0 on input line 391.
Package textcomp Info: Setting qzc sub-encoding to TS1/0 on input line 392.
Package textcomp Info: Setting qhvc sub-encoding to TS1/0 on input line 393.
Package textcomp Info: Setting futs sub-encoding to TS1/4 on input line 394.
Package textcomp Info: Setting futx sub-encoding to TS1/4 on input line 395.
Package textcomp Info: Setting futj sub-encoding to TS1/4 on input line 396.
Package textcomp Info: Setting hlh sub-encoding to TS1/3 on input line 397.
Package textcomp Info: Setting hls sub-encoding to TS1/3 on input line 398.
Package textcomp Info: Setting hlst sub-encoding to TS1/3 on input line 399.
Package textcomp Info: Setting hlct sub-encoding to TS1/5 on input line 400.
Package textcomp Info: Setting hlx sub-encoding to TS1/5 on input line 401.
Package textcomp Info: Setting hlce sub-encoding to TS1/5 on input line 402.
Package textcomp Info: Setting hlcn sub-encoding to TS1/5 on input line 403.
Package textcomp Info: Setting hlcw sub-encoding to TS1/5 on input line 404.
Package textcomp Info: Setting hlcf sub-encoding to TS1/5 on input line 405.
Package textcomp Info: Setting pplx sub-encoding to TS1/3 on input line 406.
Package textcomp Info: Setting pplj sub-encoding to TS1/3 on input line 407.
Package textcomp Info: Setting ptmx sub-encoding to TS1/4 on input line 408.
Package textcomp Info: Setting ptmj sub-encoding to TS1/4 on input line 409.
) (/usr/local/texlive/2015/texmf-dist/tex/latex/base/fontenc.sty
Package: fontenc 2018/08/11 v2.0j Standard LaTeX package
) (/usr/local/texlive/2015/texmf-dist/tex/latex/fontaxes/fontaxes.sty
Package: fontaxes 2014/03/23 v1.0d Font selection axes
LaTeX Info: Redefining \upshape on input line 29.
LaTeX Info: Redefining \itshape on input line 31.
LaTeX Info: Redefining \slshape on input line 33.
LaTeX Info: Redefining \scshape on input line 37.
)) (/usr/local/texlive/2015/texmf-dist/tex/latex/graphics/color.sty
Package: color 2016/07/10 v1.1e Standard LaTeX Color (DPC)
(/usr/local/texlive/2015/texmf-dist/tex/latex/graphics-cfg/color.cfg
File: color.cfg 2016/01/02 v1.6 sample color configuration
)
Package color Info: Driver file: pdftex.def on input line 147.
(/usr/local/texlive/2015/texmf-dist/tex/latex/graphics-def/pdftex.def
File: pdftex.def 2018/01/08 v1.0l Graphics/color driver for pdftex
)) (/usr/local/texlive/2015/texmf-dist/tex/latex/xcolor/xcolor.sty
Package: xcolor 2016/05/11 v2.12 LaTeX color extensions (UK)
(/usr/local/texlive/2015/texmf-dist/tex/latex/graphics-cfg/color.cfg
File: color.cfg 2016/01/02 v1.6 sample color configuration
)
Package xcolor Info: Driver file: pdftex.def on input line 225.
LaTeX Info: Redefining \color on input line 709.
Package xcolor Info: Model `cmy' substituted by `cmy0' on input line 1348.
Package xcolor Info: Model `hsb' substituted by `rgb' on input line 1352.
Package xcolor Info: Model `RGB' extended on input line 1364.
Package xcolor Info: Model `HTML' substituted by `rgb' on input line 1366.
Package xcolor Info: Model `Hsb' substituted by `hsb' on input line 1367.
Package xcolor Info: Model `tHsb' substituted by `hsb' on input line 1368.
Package xcolor Info: Model `HSB' substituted by `hsb' on input line 1369.
Package xcolor Info: Model `Gray' substituted by `gray' on input line 1370.
Package xcolor Info: Model `wave' substituted by `hsb' on input line 1371.
) (/usr/local/texlive/2015/texmf-dist/tex/latex/base/fixltx2e.sty
Package: fixltx2e 2016/12/29 v2.1a fixes to LaTeX (obsolete)
Applying: [2015/01/01] Old fixltx2e package on input line 46.

Package fixltx2e Warning: fixltx2e is not required with releases after 2015
(fixltx2e)                All fixes are now in the LaTeX kernel.
(fixltx2e)                See the latexrelease package for details.

Already applied: [0000/00/00] Old fixltx2e package on input line 53.
) (/usr/local/texlive/2015/texmf-dist/tex/latex/base/fontenc.sty
Package: fontenc 2018/08/11 v2.0j Standard LaTeX package
(/usr/local/texlive/2015/texmf-dist/tex/latex/base/t1enc.def
File: t1enc.def 2018/08/11 v2.0j Standard LaTeX file
LaTeX Font Info:    Redeclaring font encoding T1 on input line 48.
)) (/usr/local/texlive/2015/texmf-dist/tex/latex/base/inputenc.sty
Package: inputenc 2018/08/11 v1.3c Input encoding file
\inpenc@prehook=\toks17
\inpenc@posthook=\toks18
) (/usr/local/texlive/2015/texmf-dist/tex/latex/base/fontenc.sty
Package: fontenc 2018/08/11 v2.0j Standard LaTeX package
(/usr/local/texlive/2015/texmf-dist/tex/latex/base/t1enc.def
File: t1enc.def 2018/08/11 v2.0j Standard LaTeX file
LaTeX Font Info:    Redeclaring font encoding T1 on input line 48.
)) (/usr/local/texlive/2015/texmf-dist/tex/latex/upquote/upquote.sty
Package: upquote 2012/04/19 v1.3 upright-quote and grave-accent glyphs in verba
tim
) (/usr/local/texlive/2015/texmf-dist/tex/latex/microtype/microtype.sty
Package: microtype 2019/11/18 v2.7d Micro-typographical refinements (RS)
\MT@toks=\toks19
\MT@count=\count89
LaTeX Info: Redefining \textls on input line 790.
\MT@outer@kern=\dimen103
LaTeX Info: Redefining \textmicrotypecontext on input line 1354.
\MT@listname@count=\count90
(/usr/local/texlive/2015/texmf-dist/tex/latex/microtype/microtype-pdftex.def
File: microtype-pdftex.def 2019/11/18 v2.7d Definitions specific to pdftex (RS)

LaTeX Info: Redefining \lsstyle on input line 914.
LaTeX Info: Redefining \lslig on input line 914.
\MT@outer@space=\skip43
)
Package microtype Info: Loading configuration file microtype.cfg.
(/usr/local/texlive/2015/texmf-dist/tex/latex/microtype/microtype.cfg
File: microtype.cfg 2019/11/18 v2.7d microtype main configuration file (RS)
)) (/usr/local/texlive/2015/texmf-dist/tex/latex/hyperref/hyperref.sty
Package: hyperref 2020/01/14 v7.00d Hypertext links for LaTeX
(/usr/local/texlive/2015/texmf-dist/tex/generic/ltxcmds/ltxcmds.sty
Package: ltxcmds 2019/12/15 v1.24 LaTeX kernel commands for general use (HO)
) (/usr/local/texlive/2015/texmf-dist/tex/latex/pdftexcmds/pdftexcmds.sty
Package: pdftexcmds 2019/11/24 v0.31 Utility functions of pdfTeX for LuaTeX (HO
)
(/usr/local/texlive/2015/texmf-dist/tex/generic/infwarerr/infwarerr.sty
Package: infwarerr 2019/12/03 v1.5 Providing info/warning/error messages (HO)
)
Package pdftexcmds Info: \pdf@primitive is available.
Package pdftexcmds Info: \pdf@ifprimitive is available.
Package pdftexcmds Info: \pdfdraftmode found.
) (/usr/local/texlive/2015/texmf-dist/tex/generic/kvsetkeys/kvsetkeys.sty
Package: kvsetkeys 2019/12/15 v1.18 Key value parser (HO)
) (/usr/local/texlive/2015/texmf-dist/tex/generic/kvdefinekeys/kvdefinekeys.sty
Package: kvdefinekeys 2019-12-19 v1.6 Define keys (HO)
) (/usr/local/texlive/2015/texmf-dist/tex/generic/pdfescape/pdfescape.sty
Package: pdfescape 2019/12/09 v1.15 Implements pdfTeX's escape features (HO)
) (/usr/local/texlive/2015/texmf-dist/tex/latex/hycolor/hycolor.sty
Package: hycolor 2019/12/15 v1.9 Color options for hyperref/bookmark (HO)
(/usr/local/texlive/2015/texmf-dist/tex/latex/hycolor/xcolor-patch.sty
Package: xcolor-patch 2019/12/15 xcolor patch
(/usr/local/texlive/2015/texmf-dist/tex/latex/oberdiek/hopatch.sty
Package: hopatch 2016/05/16 v1.3 Wrapper for package hooks (HO)
))) (/usr/local/texlive/2015/texmf-dist/tex/latex/letltxmacro/letltxmacro.sty
Package: letltxmacro 2019/12/03 v1.6 Let assignment for LaTeX macros (HO)
) (/usr/local/texlive/2015/texmf-dist/tex/latex/auxhook/auxhook.sty
Package: auxhook 2019-12-17 v1.6 Hooks for auxiliary files (HO)
) (/usr/local/texlive/2015/texmf-dist/tex/latex/kvoptions/kvoptions.sty
Package: kvoptions 2019/11/29 v3.13 Key value format for package options (HO)
)
\@linkdim=\dimen104
\Hy@linkcounter=\count91
\Hy@pagecounter=\count92
(/usr/local/texlive/2015/texmf-dist/tex/latex/hyperref/pd1enc.def
File: pd1enc.def 2020/01/14 v7.00d Hyperref: PDFDocEncoding definition (HO)
Now handling font encoding PD1 ...
... no UTF-8 mapping file for font encoding PD1
) (/usr/local/texlive/2015/texmf-dist/tex/generic/intcalc/intcalc.sty
Package: intcalc 2019/12/15 v1.3 Expandable calculations with integers (HO)
) (/usr/local/texlive/2015/texmf-dist/tex/generic/etexcmds/etexcmds.sty
Package: etexcmds 2019/12/15 v1.7 Avoid name clashes with e-TeX commands (HO)
)
\Hy@SavedSpaceFactor=\count93
\pdfmajorversion=\count94
Package hyperref Info: Option `unicode' set `true' on input line 4421.
(/usr/local/texlive/2015/texmf-dist/tex/latex/hyperref/puenc.def
File: puenc.def 2020/01/14 v7.00d Hyperref: PDF Unicode definition (HO)
Now handling font encoding PU ...
... no UTF-8 mapping file for font encoding PU
)
Package hyperref Info: Hyper figures OFF on input line 4547.
Package hyperref Info: Link nesting OFF on input line 4552.
Package hyperref Info: Hyper index ON on input line 4555.
Package hyperref Info: Plain pages OFF on input line 4562.
Package hyperref Info: Backreferencing OFF on input line 4567.
Package hyperref Info: Implicit mode ON; LaTeX internals redefined.
Package hyperref Info: Bookmarks ON on input line 4800.
\c@Hy@tempcnt=\count95
(/usr/local/texlive/2015/texmf-dist/tex/latex/url/url.sty
\Urlmuskip=\muskip10
Package: url 2013/09/16  ver 3.4  Verb mode for urls, etc.
)
LaTeX Info: Redefining \url on input line 5159.
\XeTeXLinkMargin=\dimen105
(/usr/local/texlive/2015/texmf-dist/tex/generic/bitset/bitset.sty
Package: bitset 2019/12/09 v1.3 Handle bit-vector datatype (HO)
(/usr/local/texlive/2015/texmf-dist/tex/generic/bigintcalc/bigintcalc.sty
Package: bigintcalc 2019/12/15 v1.5 Expandable calculations on big integers (HO
)
))
\Fld@menulength=\count96
\Field@Width=\dimen106
\Fld@charsize=\dimen107
Package hyperref Info: Hyper figures OFF on input line 6430.
Package hyperref Info: Link nesting OFF on input line 6435.
Package hyperref Info: Hyper index ON on input line 6438.
Package hyperref Info: backreferencing OFF on input line 6445.
Package hyperref Info: Link coloring OFF on input line 6450.
Package hyperref Info: Link coloring with OCG OFF on input line 6455.
Package hyperref Info: PDF/A mode OFF on input line 6460.
LaTeX Info: Redefining \ref on input line 6500.
LaTeX Info: Redefining \pageref on input line 6504.
(/usr/local/texlive/2015/texmf-dist/tex/generic/atbegshi/atbegshi.sty
Package: atbegshi 2019/12/05 v1.19 At begin shipout hook (HO)
)
\Hy@abspage=\count97
\c@Item=\count98
\c@Hfootnote=\count99
)
Package hyperref Info: Driver (autodetected): hpdftex.
(/usr/local/texlive/2015/texmf-dist/tex/latex/hyperref/hpdftex.def
File: hpdftex.def 2020/01/14 v7.00d Hyperref driver for pdfTeX
(/usr/local/texlive/2015/texmf-dist/tex/latex/atveryend/atveryend.sty
Package: atveryend 2019-12-11 v1.11 Hooks at the very end of document (HO)
Package atveryend Info: \enddocument detected (standard20110627).
)
\Fld@listcount=\count100
\c@bookmark@seq@number=\count101

(/usr/local/texlive/2015/texmf-dist/tex/latex/rerunfilecheck/rerunfilecheck.sty
Package: rerunfilecheck 2019/12/05 v1.9 Rerun checks for auxiliary files (HO)

(/usr/local/texlive/2015/texmf-dist/tex/generic/uniquecounter/uniquecounter.sty
Package: uniquecounter 2019/12/15 v1.4 Provide unlimited unique counter (HO)
)
Package uniquecounter Info: New unique counter `rerunfilecheck' on input line 2
86.
)
\Hy@SectionHShift=\skip44
) (/usr/local/texlive/2015/texmf-dist/tex/latex/geometry/geometry.sty
Package: geometry 2020/01/02 v5.9 Page Geometry
(/usr/local/texlive/2015/texmf-dist/tex/generic/iftex/ifvtex.sty
Package: ifvtex 2019/10/25 v1.7 ifvtex legacy package. Use iftex instead.
)
\Gm@cnth=\count102
\Gm@cntv=\count103
\c@Gm@tempcnt=\count104
\Gm@bindingoffset=\dimen108
\Gm@wd@mp=\dimen109
\Gm@odd@mp=\dimen110
\Gm@even@mp=\dimen111
\Gm@layoutwidth=\dimen112
\Gm@layoutheight=\dimen113
\Gm@layouthoffset=\dimen114
\Gm@layoutvoffset=\dimen115
\Gm@dimlist=\toks20
) (/usr/local/texlive/2015/texmf-dist/tex/latex/tools/longtable.sty
Package: longtable 2019/02/06 v4.12 Multi-page Table package (DPC)
\LTleft=\skip45
\LTright=\skip46
\LTpre=\skip47
\LTpost=\skip48
\LTchunksize=\count105
\LTcapwidth=\dimen116
\LT@head=\box27
\LT@firsthead=\box28
\LT@foot=\box29
\LT@lastfoot=\box30
\LT@cols=\count106
\LT@rows=\count107
\c@LT@tables=\count108
\c@LT@chunks=\count109
\LT@p@ftn=\toks21
) (/usr/local/texlive/2015/texmf-dist/tex/latex/booktabs/booktabs.sty
Package: booktabs 2020/01/12 v1.61803398 Publication quality tables
\heavyrulewidth=\dimen117
\lightrulewidth=\dimen118
\cmidrulewidth=\dimen119
\belowrulesep=\dimen120
\belowbottomsep=\dimen121
\aboverulesep=\dimen122
\abovetopsep=\dimen123
\cmidrulesep=\dimen124
\cmidrulekern=\dimen125
\defaultaddspace=\dimen126
\@cmidla=\count110
\@cmidlb=\count111
\@aboverulesep=\dimen127
\@belowrulesep=\dimen128
\@thisruleclass=\count112
\@lastruleclass=\count113
\@thisrulewidth=\dimen129
) (/usr/local/texlive/2015/texmf-dist/tex/latex/mdwtools/footnote.sty
Package: footnote 1997/01/28 1.13 Save footnotes around boxes
\fn@notes=\box31
\fn@width=\dimen130
) (/usr/local/texlive/2015/texmf-dist/tex/latex/parskip/parskip.sty
Package: parskip 2020-01-22 v2.0d non-zero parskip adjustments
(/usr/local/texlive/2015/texmf-dist/tex/latex/etoolbox/etoolbox.sty
Package: etoolbox 2019/09/21 v2.5h e-TeX tools for LaTeX (JAW)
\etb@tempcnta=\count114
)) (/usr/local/texlive/2015/texmf-dist/tex/latex/cjk-ko/kotex.sty
Package: kotex 2015/04/19 v1.6 Korean TeX (ko.TeX)
(/usr/local/texlive/2015/texmf-dist/tex/latex/kotex-utf/kotex.cfg) (/usr/local/
texlive/2015/texmf-dist/tex/latex/kotex-utf/kotexutf.sty
Package: kotexutf 2015/07/18 v2.1.1 typesetting UTF-8 Korean documents
(/usr/local/texlive/2015/texmf-dist/tex/plain/kotex-plain/kotexutf-core.tex
\unih@ngulpoint=\count115
\dhucs@emph@raise=\dimen131
)
Now handling font encoding LUC ...
... processing UTF-8 mapping file for font encoding LUC
(/usr/local/texlive/2015/texmf-dist/tex/latex/kotex-utf/lucenc.dfu
File: lucenc.dfu 2007/09/05 UTF-8 support for dhucs
   defining Unicode char U+00B7 (decimal 183)
   defining Unicode char U+2018 (decimal 8216)
   defining Unicode char U+2019 (decimal 8217)
   defining Unicode char U+201C (decimal 8220)
   defining Unicode char U+201D (decimal 8221)
   defining Unicode char U+3001 (decimal 12289)
   defining Unicode char U+3002 (decimal 12290)
   defining Unicode char U+3008 (decimal 12296)
   defining Unicode char U+3009 (decimal 12297)
   defining Unicode char U+300A (decimal 12298)
   defining Unicode char U+300B (decimal 12299)
   defining Unicode char U+300C (decimal 12300)
   defining Unicode char U+300D (decimal 12301)
   defining Unicode char U+300E (decimal 12302)
   defining Unicode char U+300F (decimal 12303)
   defining Unicode char U+3010 (decimal 12304)
   defining Unicode char U+3011 (decimal 12305)
   defining Unicode char U+3014 (decimal 12308)
   defining Unicode char U+3015 (decimal 12309)
   defining Unicode char U+3016 (decimal 12310)
   defining Unicode char U+3017 (decimal 12311)
   defining Unicode char U+3018 (decimal 12312)
   defining Unicode char U+3019 (decimal 12313)
   defining Unicode char U+301A (decimal 12314)
   defining Unicode char U+301B (decimal 12315)
   defining Unicode char U+FF01 (decimal 65281)
   defining Unicode char U+FF08 (decimal 65288)
   defining Unicode char U+FF09 (decimal 65289)
   defining Unicode char U+FF0C (decimal 65292)
   defining Unicode char U+FF0E (decimal 65294)
   defining Unicode char U+FF1A (decimal 65306)
   defining Unicode char U+FF1B (decimal 65307)
   defining Unicode char U+FF1C (decimal 65308)
   defining Unicode char U+FF1D (decimal 65309)
   defining Unicode char U+FF1E (decimal 65310)
   defining Unicode char U+FF1F (decimal 65311)
   defining Unicode char U+FF3B (decimal 65339)
   defining Unicode char U+FF3D (decimal 65341)
   defining Unicode char U+FF5B (decimal 65371)
   defining Unicode char U+FF5D (decimal 65373)
   defining Unicode char U+FF61 (decimal 65377)
   defining Unicode char U+FF62 (decimal 65378)
   defining Unicode char U+FF63 (decimal 65379)
   defining Unicode char U+FF64 (decimal 65380)
   defining Unicode char U+FF65 (decimal 65381)
)
\@josa=\count116
\josatoks=\toks22
(/usr/local/texlive/2015/texmf-dist/tex/latex/cjk-ko/kolabels-utf.sty
Package: kolabels-utf 2015/03/20 v1.5 UTF-8 Hangul item labels
))) (/usr/local/texlive/2015/texmf-dist/tex/latex/biblatex/biblatex.sty
Package: biblatex 2019/12/01 v3.14 programmable bibliographies (PK/MW)
(/usr/local/texlive/2015/texmf-dist/tex/latex/logreq/logreq.sty
Package: logreq 2010/08/04 v1.0 xml request logger
\lrq@indent=\count117
(/usr/local/texlive/2015/texmf-dist/tex/latex/logreq/logreq.def
File: logreq.def 2010/08/04 v1.0 logreq spec v1.0
)) (/usr/local/texlive/2015/texmf-dist/tex/latex/base/ifthen.sty
Package: ifthen 2014/09/29 v1.1c Standard LaTeX ifthen package (DPC)
)
\c@tabx@nest=\count118
\c@listtotal=\count119
\c@listcount=\count120
\c@liststart=\count121
\c@liststop=\count122
\c@citecount=\count123
\c@citetotal=\count124
\c@multicitecount=\count125
\c@multicitetotal=\count126
\c@instcount=\count127
\c@maxnames=\count128
\c@minnames=\count129
\c@maxitems=\count130
\c@minitems=\count131
\c@citecounter=\count132
\c@maxcitecounter=\count133
\c@savedcitecounter=\count134
\c@uniquelist=\count135
\c@uniquename=\count136
\c@refsection=\count137
\c@refsegment=\count138
\c@maxextratitle=\count139
\c@maxextratitleyear=\count140
\c@maxextraname=\count141
\c@maxextradate=\count142
\c@maxextraalpha=\count143
\c@abbrvpenalty=\count144
\c@highnamepenalty=\count145
\c@lownamepenalty=\count146
\c@maxparens=\count147
\c@parenlevel=\count148
\blx@tempcnta=\count149
\blx@tempcntb=\count150
\blx@tempcntc=\count151
\blx@maxsection=\count152
\blx@maxsegment@0=\count153
\blx@notetype=\count154
\blx@parenlevel@text=\count155
\blx@parenlevel@foot=\count156
\blx@sectionciteorder@0=\count157
\blx@entrysetcounter=\count158
\labelnumberwidth=\skip49
\labelalphawidth=\skip50
\biblabelsep=\skip51
\bibitemsep=\skip52
\bibnamesep=\skip53
\bibinitsep=\skip54
\bibparsep=\skip55
\bibhang=\skip56
\blx@bcfin=\read1
\blx@bcfout=\write3
\blx@langwohyphens=\language85
\c@mincomprange=\count159
\c@maxcomprange=\count160
\c@mincompwidth=\count161
Package biblatex Info: Trying to load biblatex default data model...
Package biblatex Info: ... file 'blx-dm.def' found.
(/usr/local/texlive/2015/texmf-dist/tex/latex/biblatex/blx-dm.def
File: blx-dm.def 2019/12/01 v3.14 biblatex localization (PK/MW)
)
Package biblatex Info: Trying to load biblatex citestyle data model...
Package biblatex Info: ... file 'authoryear.dbx' not found.
Package biblatex Info: Trying to load biblatex bibstyle data model...
Package biblatex Info: ... file 'authoryear-comp.dbx' not found.
Package biblatex Info: Trying to load biblatex custom data model...
Package biblatex Info: ... file 'biblatex-dm.cfg' not found.
\c@afterword=\count162
\c@savedafterword=\count163
\c@annotator=\count164
\c@savedannotator=\count165
\c@author=\count166
\c@savedauthor=\count167
\c@bookauthor=\count168
\c@savedbookauthor=\count169
\c@commentator=\count170
\c@savedcommentator=\count171
\c@editor=\count172
\c@savededitor=\count173
\c@editora=\count174
\c@savededitora=\count175
\c@editorb=\count176
\c@savededitorb=\count177
\c@editorc=\count178
\c@savededitorc=\count179
\c@foreword=\count180
\c@savedforeword=\count181
\c@holder=\count182
\c@savedholder=\count183
\c@introduction=\count184
\c@savedintroduction=\count185
\c@namea=\count186
\c@savednamea=\count187
\c@nameb=\count188
\c@savednameb=\count189
\c@namec=\count190
\c@savednamec=\count191
\c@translator=\count192
\c@savedtranslator=\count193
\c@shortauthor=\count194
\c@savedshortauthor=\count195
\c@shorteditor=\count196
\c@savedshorteditor=\count197
\c@labelname=\count198
\c@savedlabelname=\count199
\c@institution=\count266
\c@savedinstitution=\count267
\c@lista=\count268
\c@savedlista=\count269
\c@listb=\count270
\c@savedlistb=\count271
\c@listc=\count272
\c@savedlistc=\count273
\c@listd=\count274
\c@savedlistd=\count275
\c@liste=\count276
\c@savedliste=\count277
\c@listf=\count278
\c@savedlistf=\count279
\c@location=\count280
\c@savedlocation=\count281
\c@organization=\count282
\c@savedorganization=\count283
\c@origlocation=\count284
\c@savedoriglocation=\count285
\c@origpublisher=\count286
\c@savedorigpublisher=\count287
\c@publisher=\count288
\c@savedpublisher=\count289
\c@language=\count290
\c@savedlanguage=\count291
\c@origlanguage=\count292
\c@savedoriglanguage=\count293
\c@pageref=\count294
\c@savedpageref=\count295
\shorthandwidth=\skip57
\shortjournalwidth=\skip58
\shortserieswidth=\skip59
\shorttitlewidth=\skip60
\shortauthorwidth=\skip61
\shorteditorwidth=\skip62
\locallabelnumberwidth=\skip63
\locallabelalphawidth=\skip64
\localshorthandwidth=\skip65
\localshortjournalwidth=\skip66
\localshortserieswidth=\skip67
\localshorttitlewidth=\skip68
\localshortauthorwidth=\skip69
\localshorteditorwidth=\skip70
Package biblatex Info: Trying to load compatibility code...
Package biblatex Info: ... file 'blx-compat.def' found.
(/usr/local/texlive/2015/texmf-dist/tex/latex/biblatex/blx-compat.def
File: blx-compat.def 2019/12/01 v3.14 biblatex compatibility (PK/MW)
)
Package biblatex Info: Trying to load generic definitions...
Package biblatex Info: ... file 'biblatex.def' found.
(/usr/local/texlive/2015/texmf-dist/tex/latex/biblatex/biblatex.def
File: biblatex.def 2019/12/01 v3.14 biblatex compatibility (PK/MW)
\c@textcitecount=\count296
\c@textcitetotal=\count297
\c@textcitemaxnames=\count298
\c@biburlbigbreakpenalty=\count299
\c@biburlbreakpenalty=\count300
\c@biburlnumpenalty=\count301
\c@biburlucpenalty=\count302
\c@biburllcpenalty=\count303
\biburlbigskip=\muskip11
\biburlnumskip=\muskip12
\biburlucskip=\muskip13
\biburllcskip=\muskip14
\c@smartand=\count304
)
Package biblatex Info: Trying to load natbib compatibility...
Package biblatex Info: ... file 'blx-natbib.def' found.
(/usr/local/texlive/2015/texmf-dist/tex/latex/biblatex/blx-natbib.def
File: blx-natbib.def 2019/12/01 v3.14 biblatex compatibility (PK/MW)
Package biblatex Info: Delimiter 'nameyeardelim' in context '' already defined,
 overwriting.
)
Package biblatex Info: Trying to load bibliography style 'authoryear-comp'...
Package biblatex Info: ... file 'authoryear-comp.bbx' found.
(/usr/local/texlive/2015/texmf-dist/tex/latex/biblatex/bbx/authoryear-comp.bbx
File: authoryear-comp.bbx 2019/12/01 v3.14 biblatex bibliography style (PK/MW)
Package biblatex Info: Trying to load bibliography style 'authoryear'...
Package biblatex Info: ... file 'authoryear.bbx' found.
(/usr/local/texlive/2015/texmf-dist/tex/latex/biblatex/bbx/authoryear.bbx
File: authoryear.bbx 2019/12/01 v3.14 biblatex bibliography style (PK/MW)
Package biblatex Info: Trying to load bibliography style 'standard'...
Package biblatex Info: ... file 'standard.bbx' found.
(/usr/local/texlive/2015/texmf-dist/tex/latex/biblatex/bbx/standard.bbx
File: standard.bbx 2019/12/01 v3.14 biblatex bibliography style (PK/MW)
\c@bbx:relatedcount=\count305
\c@bbx:relatedtotal=\count306
)))
Package biblatex Info: Trying to load citation style 'authoryear'...
Package biblatex Info: ... file 'authoryear.cbx' found.
(/usr/local/texlive/2015/texmf-dist/tex/latex/biblatex/cbx/authoryear.cbx
File: authoryear.cbx 2019/12/01 v3.14 biblatex citation style (PK/MW)
Package biblatex Info: Redefining '\cite'.
Package biblatex Info: Redefining '\parencite'.
Package biblatex Info: Redefining '\footcite'.
Package biblatex Info: Redefining '\footcitetext'.
Package biblatex Info: Redefining '\smartcite'.
Package biblatex Info: Redefining '\textcite'.
Package biblatex Info: Redefining '\textcites'.
)
Package biblatex Info: Trying to load configuration file...
Package biblatex Info: ... file 'biblatex.cfg' found.
(/usr/local/texlive/2015/texmf-dist/tex/latex/biblatex/biblatex.cfg
File: biblatex.cfg 
)) (/usr/local/texlive/2015/texmf-dist/tex/latex/xpatch/xpatch.sty (/usr/local/
texlive/2015/texmf-dist/tex/latex/l3kernel/expl3.sty
Package: expl3 2020-01-22 L3 programming layer (loader) 
(/usr/local/texlive/2015/texmf-dist/tex/latex/l3kernel/expl3-code.tex
Package: expl3 2020-01-22 L3 programming layer (code)
\c_max_int=\count307
\l_tmpa_int=\count308
\l_tmpb_int=\count309
\g_tmpa_int=\count310
\g_tmpb_int=\count311
\l__seq_internal_a_int=\count312
\l__seq_internal_b_int=\count313
\g__kernel_prg_map_int=\count314
\c__ior_term_noprompt_ior=\count315
\c_log_iow=\count316
\l_iow_line_count_int=\count317
\l__iow_line_target_int=\count318
\l__iow_one_indent_int=\count319
\l__iow_indent_int=\count320
\c_zero_dim=\dimen132
\c_max_dim=\dimen133
\l_tmpa_dim=\dimen134
\l_tmpb_dim=\dimen135
\g_tmpa_dim=\dimen136
\g_tmpb_dim=\dimen137
\c_zero_skip=\skip71
\c_max_skip=\skip72
\l_tmpa_skip=\skip73
\l_tmpb_skip=\skip74
\g_tmpa_skip=\skip75
\g_tmpb_skip=\skip76
\c_zero_muskip=\muskip15
\c_max_muskip=\muskip16
\l_tmpa_muskip=\muskip17
\l_tmpb_muskip=\muskip18
\g_tmpa_muskip=\muskip19
\g_tmpb_muskip=\muskip20
\l_keys_choice_int=\count321
\l__intarray_loop_int=\count322
\c__intarray_sp_dim=\dimen138
\g__intarray_font_int=\count323
\c__fp_leading_shift_int=\count324
\c__fp_middle_shift_int=\count325
\c__fp_trailing_shift_int=\count326
\c__fp_big_leading_shift_int=\count327
\c__fp_big_middle_shift_int=\count328
\c__fp_big_trailing_shift_int=\count329
\c__fp_Bigg_leading_shift_int=\count330
\c__fp_Bigg_middle_shift_int=\count331
\c__fp_Bigg_trailing_shift_int=\count332
\c__kernel_randint_max_int=\count333
\g__fp_array_int=\count334
\l__fp_array_loop_int=\count335
\l__sort_length_int=\count336
\l__sort_min_int=\count337
\l__sort_top_int=\count338
\l__sort_max_int=\count339
\l__sort_true_max_int=\count340
\l__sort_block_int=\count341
\l__sort_begin_int=\count342
\l__sort_end_int=\count343
\l__sort_A_int=\count344
\l__sort_B_int=\count345
\l__sort_C_int=\count346
\l__str_internal_int=\count347
\c__str_replacement_char_int=\count348
\l__tl_analysis_normal_int=\count349
\l__tl_analysis_index_int=\count350
\l__tl_analysis_nesting_int=\count351
\l__tl_analysis_type_int=\count352
\l__regex_internal_a_int=\count353
\l__regex_internal_b_int=\count354
\l__regex_internal_c_int=\count355
\l__regex_balance_int=\count356
\l__regex_group_level_int=\count357
\l__regex_mode_int=\count358
\c__regex_cs_in_class_mode_int=\count359
\c__regex_cs_mode_int=\count360
\l__regex_catcodes_int=\count361
\l__regex_default_catcodes_int=\count362
\c__regex_catcode_D_int=\count363
\c__regex_catcode_S_int=\count364
\c__regex_catcode_L_int=\count365
\c__regex_catcode_O_int=\count366
\c__regex_catcode_A_int=\count367
\c__regex_all_catcodes_int=\count368
\l__regex_show_lines_int=\count369
\l__regex_min_state_int=\count370
\l__regex_max_state_int=\count371
\l__regex_left_state_int=\count372
\l__regex_right_state_int=\count373
\l__regex_capturing_group_int=\count374
\l__regex_min_pos_int=\count375
\l__regex_max_pos_int=\count376
\l__regex_curr_pos_int=\count377
\l__regex_start_pos_int=\count378
\l__regex_success_pos_int=\count379
\l__regex_curr_char_int=\count380
\l__regex_curr_catcode_int=\count381
\l__regex_last_char_int=\count382
\l__regex_case_changed_char_int=\count383
\l__regex_curr_state_int=\count384
\l__regex_step_int=\count385
\l__regex_min_active_int=\count386
\l__regex_max_active_int=\count387
\l__regex_replacement_csnames_int=\count388
\l__regex_match_count_int=\count389
\l__regex_min_submatch_int=\count390
\l__regex_submatch_int=\count391
\l__regex_zeroth_submatch_int=\count392
\g__regex_trace_regex_int=\count393
\c_empty_box=\box32
\l_tmpa_box=\box33
\l_tmpb_box=\box34
\g_tmpa_box=\box35
\g_tmpb_box=\box36
\l__box_top_dim=\dimen139
\l__box_bottom_dim=\dimen140
\l__box_left_dim=\dimen141
\l__box_right_dim=\dimen142
\l__box_top_new_dim=\dimen143
\l__box_bottom_new_dim=\dimen144
\l__box_left_new_dim=\dimen145
\l__box_right_new_dim=\dimen146
\l__box_internal_box=\box37
\l__coffin_internal_box=\box38
\l__coffin_internal_dim=\dimen147
\l__coffin_offset_x_dim=\dimen148
\l__coffin_offset_y_dim=\dimen149
\l__coffin_x_dim=\dimen150
\l__coffin_y_dim=\dimen151
\l__coffin_x_prime_dim=\dimen152
\l__coffin_y_prime_dim=\dimen153
\c_empty_coffin=\box39
\l__coffin_aligned_coffin=\box40
\l__coffin_aligned_internal_coffin=\box41
\l_tmpa_coffin=\box42
\l_tmpb_coffin=\box43
\g_tmpa_coffin=\box44
\g_tmpb_coffin=\box45
\l__coffin_bounding_shift_dim=\dimen154
\l__coffin_left_corner_dim=\dimen155
\l__coffin_right_corner_dim=\dimen156
\l__coffin_bottom_corner_dim=\dimen157
\l__coffin_top_corner_dim=\dimen158
\l__coffin_scaled_total_height_dim=\dimen159
\l__coffin_scaled_width_dim=\dimen160
\c__coffin_empty_coffin=\box46
\l__coffin_display_coffin=\box47
\l__coffin_display_coord_coffin=\box48
\l__coffin_display_pole_coffin=\box49
\l__coffin_display_offset_dim=\dimen161
\l__coffin_display_x_dim=\dimen162
\l__coffin_display_y_dim=\dimen163
\g__char_data_ior=\read2
(/usr/local/texlive/2015/texmf-dist/tex/latex/l3kernel/l3deprecation.def
File: l3deprecation.def 2019-04-06 v L3 Deprecated functions
)) (/usr/local/texlive/2015/texmf-dist/tex/latex/l3backend/l3backend-pdfmode.de
f
File: l3backend-pdfmode.def 2019-04-06 L3 backend support: PDF mode
\l__kernel_color_stack_int=\count394
\l__pdf_internal_box=\box50
))
Package: xpatch 2012/10/02 v0.3 Extending etoolbox patching commands
(/usr/local/texlive/2015/texmf-dist/tex/latex/l3packages/xparse/xparse.sty
Package: xparse 2020-01-12 L3 Experimental document command parser
\l__xparse_current_arg_int=\count395
\g__xparse_grabber_int=\count396
\l__xparse_m_args_int=\count397
\l__xparse_v_nesting_int=\count398
))
\c@papers=\count399
(/usr/local/texlive/2015/texmf-dist/tex/latex/paralist/paralist.sty
Package: paralist 2017/01/22 v2.7 Extended list environments
\pltopsep=\skip77
\plpartopsep=\skip78
\plitemsep=\skip79
\plparsep=\skip80
\pl@lab=\toks23
) (/usr/local/texlive/2015/texmf-dist/tex/latex/ragged2e/ragged2e.sty
Package: ragged2e 2019/07/28 v2.2 ragged2e Package (MS)
(/usr/local/texlive/2015/texmf-dist/tex/latex/ms/everysel.sty
Package: everysel 2011/10/28 v1.2 EverySelectfont Package (MS)
)
\CenteringLeftskip=\skip81
\RaggedLeftLeftskip=\skip82
\RaggedRightLeftskip=\skip83
\CenteringRightskip=\skip84
\RaggedLeftRightskip=\skip85
\RaggedRightRightskip=\skip86
\CenteringParfillskip=\skip87
\RaggedLeftParfillskip=\skip88
\RaggedRightParfillskip=\skip89
\JustifyingParfillskip=\skip90
\CenteringParindent=\skip91
\RaggedLeftParindent=\skip92
\RaggedRightParindent=\skip93
\JustifyingParindent=\skip94
) (/usr/local/texlive/2015/texmf-dist/tex/latex/datetime/datetime.sty
Package: datetime 2015/03/20 v2.60 Date Time Package
(/usr/local/texlive/2015/texmf-dist/tex/latex/fmtcount/fmtcount.sty
Package: fmtcount 2017/12/24 v3.05
(/usr/local/texlive/2015/texmf-dist/tex/latex/fmtcount/fcprefix.sty
Package: fcprefix 2012/09/28
(/usr/local/texlive/2015/texmf-dist/tex/latex/fmtcount/fcnumparser.sty
Package: fcnumparser 2017/06/15
\fc@digit@counter=\count400
)) (/usr/local/texlive/2015/texmf-dist/tex/latex/amsmath/amsgen.sty
File: amsgen.sty 1999/11/30 v2.0 generic functions
\@emptytoks=\toks24
\ex@=\dimen164
)
\c@padzeroesN=\count401
\fc@tmpcatcode=\count402
\@DT@modctr=\count403
\@ordinalctr=\count404
\@orgargctr=\count405
\@strctr=\count406
\@tmpstrctr=\count407
\@DT@loopN=\count408
\@DT@X=\count409
) (/usr/local/texlive/2015/texmf-dist/tex/latex/datetime/datetime-defaults.sty
Package: datetime-defaults 2013/09/10
)
\@day=\count410
\@month=\count411
\@year=\count412
\c@HOUR=\count413
\c@HOURXII=\count414
\c@MINUTE=\count415
\c@TOHOUR=\count416
\c@TOMINUTE=\count417
\c@SECOND=\count418
\currenthour=\count419
\currentminute=\count420
\currentsecond=\count421
Package datetime Info: No datetime.cfg file found, using default settings on in
put line 308.
\@dtctr=\count422
\dayofyear=\count423
\dayofweek=\count424
LaTeX Info: Redefining \today on input line 736.
\dt@a=\toks25
\dt@b=\toks26
) (/usr/local/texlive/2015/texmf-dist/tex/latex/fancyhdr/fancyhdr.sty
Package: fancyhdr 2019/01/31 v3.10 Extensive control of page headers and footer
s
\f@nch@headwidth=\skip95
\f@nch@O@elh=\skip96
\f@nch@O@erh=\skip97
\f@nch@O@olh=\skip98
\f@nch@O@orh=\skip99
\f@nch@O@elf=\skip100
\f@nch@O@erf=\skip101
\f@nch@O@olf=\skip102
\f@nch@O@orf=\skip103
) (/usr/local/texlive/2015/texmf-dist/tex/latex/enumitem/enumitem.sty
Package: enumitem 2019/06/20 v3.9 Customized lists
\labelindent=\skip104
\enit@outerparindent=\dimen165
\enit@toks=\toks27
\enit@inbox=\box51
\enit@count@id=\count425
\enitdp@description=\count426
) (/usr/local/texlive/2015/texmf-dist/tex/latex/psnfss/pifont.sty
Package: pifont 2005/04/12 PSNFSS-v9.2a Pi font support (SPQR) 
LaTeX Font Info:    Trying to load font information for U+pzd on input line 63.

(/usr/local/texlive/2015/texmf-dist/tex/latex/psnfss/upzd.fd
File: upzd.fd 2001/06/04 font definitions for U/pzd.
)
LaTeX Font Info:    Trying to load font information for U+psy on input line 64.

(/usr/local/texlive/2015/texmf-dist/tex/latex/psnfss/upsy.fd
File: upsy.fd 2001/06/04 font definitions for U/psy.
)) (/usr/local/texlive/2015/texmf-dist/tex/latex/titlesec/titlesec.sty
Package: titlesec 2019/10/16 v2.13 Sectioning titles
\ttl@box=\box52
\beforetitleunit=\skip105
\aftertitleunit=\skip106
\ttl@plus=\dimen166
\ttl@minus=\dimen167
\ttl@toksa=\toks28
\titlewidth=\dimen168
\titlewidthlast=\dimen169
\titlewidthfirst=\dimen170
) (/usr/local/texlive/2015/texmf-dist/tex/latex/tools/tabularx.sty
Package: tabularx 2016/02/03 v2.11b `tabularx' package (DPC)
(/usr/local/texlive/2015/texmf-dist/tex/latex/tools/array.sty
Package: array 2019/08/31 v2.4l Tabular extension package (FMi)
\col@sep=\dimen171
\ar@mcellbox=\box53
\extrarowheight=\dimen172
\NC@list=\toks29
\extratabsurround=\skip107
\backup@length=\skip108
\ar@cellbox=\box54
)
\TX@col@width=\dimen173
\TX@old@table=\dimen174
\TX@old@col=\dimen175
\TX@target=\dimen176
\TX@delta=\dimen177
\TX@cols=\count427
\TX@ftn=\toks30
) (/usr/local/texlive/2015/texmf-dist/tex/latex/tools/calc.sty
Package: calc 2017/05/25 v4.3 Infix arithmetic (KKT,FJ)
\calc@Acount=\count428
\calc@Bcount=\count429
\calc@Adimen=\dimen178
\calc@Bdimen=\dimen179
\calc@Askip=\skip109
\calc@Bskip=\skip110
LaTeX Info: Redefining \setlength on input line 80.
LaTeX Info: Redefining \addtolength on input line 81.
\calc@Ccount=\count430
\calc@Cskip=\skip111
)
\headerboxwidth=\skip112
(/usr/local/texlive/2015/texmf-dist/tex/latex/fontawesome/fontawesome.sty
Package: fontawesome 2016/05/15 v4.6.3.1 font awesome icons

(/usr/local/texlive/2015/texmf-dist/tex/latex/fontawesome/fontawesomesymbols-ge
neric.tex)
(/usr/local/texlive/2015/texmf-dist/tex/latex/fontawesome/fontawesomesymbols-pd
ftex.tex))
\@quotelevel=\count431
\@quotereset=\count432
(./resume.aux)
\openout1 = `resume.aux'.

LaTeX Font Info:    Checking defaults for OML/cmm/m/it on input line 247.
LaTeX Font Info:    ... okay on input line 247.
LaTeX Font Info:    Checking defaults for T1/cmr/m/n on input line 247.
LaTeX Font Info:    ... okay on input line 247.
LaTeX Font Info:    Checking defaults for OT1/cmr/m/n on input line 247.
LaTeX Font Info:    ... okay on input line 247.
LaTeX Font Info:    Checking defaults for OMS/cmsy/m/n on input line 247.
LaTeX Font Info:    ... okay on input line 247.
LaTeX Font Info:    Checking defaults for OMX/cmex/m/n on input line 247.
LaTeX Font Info:    ... okay on input line 247.
LaTeX Font Info:    Checking defaults for U/cmr/m/n on input line 247.
LaTeX Font Info:    ... okay on input line 247.
LaTeX Font Info:    Checking defaults for TS1/cmr/m/n on input line 247.
LaTeX Font Info:    Trying to load font information for TS1+cmr on input line 2
47.
(/usr/local/texlive/2015/texmf-dist/tex/latex/base/ts1cmr.fd
File: ts1cmr.fd 2014/09/29 v2.5h Standard LaTeX font definitions
)
LaTeX Font Info:    ... okay on input line 247.
LaTeX Font Info:    Checking defaults for PD1/pdf/m/n on input line 247.
LaTeX Font Info:    ... okay on input line 247.
LaTeX Font Info:    Checking defaults for PU/pdf/m/n on input line 247.
LaTeX Font Info:    ... okay on input line 247.
LaTeX Font Info:    Checking defaults for LUC/nanummj/m/n on input line 247.
LaTeX Font Info:    Trying to load font information for LUC+nanummj on input li
ne 247.
(/usr/local/texlive/2015/texmf-dist/tex/latex/nanumtype1/lucnanummj.fd
File: lucnanummj.fd 2013/02/12 v0.1 Nanum Myeongjo font definitions
)
LaTeX Font Info:    ... okay on input line 247.
LaTeX Font Info:    Trying to load font information for T1+Carlito-TLF on input
 line 247.
(/usr/local/texlive/2015/texmf-dist/tex/latex/carlito/T1Carlito-TLF.fd
File: T1Carlito-TLF.fd 2014/08/20 (autoinst) Font definitions for T1/Carlito-TL
F.
)
LaTeX Font Info:    Font shape `T1/Carlito-TLF/m/n' will be
(Font)              scaled to size 10.0pt on input line 247.
\c@mv@tabular=\count433
\c@mv@boldtabular=\count434
(/usr/local/texlive/2015/texmf-dist/tex/context/base/mkii/supp-pdf.mkii
[Loading MPS to PDF converter (version 2006.09.02).]
\scratchcounter=\count435
\scratchdimen=\dimen180
\scratchbox=\box55
\nofMPsegments=\count436
\nofMParguments=\count437
\everyMPshowfont=\toks31
\MPscratchCnt=\count438
\MPscratchDim=\dimen181
\MPnumerator=\count439
\makeMPintoPDFobject=\count440
\everyMPtoPDFconversion=\toks32
)

Package microtype Warning: Command \pickup@font is not defined as expected.
(microtype)                Patching it anyway. Some things may break.
(microtype)                Double-check whether micro-typography is indeed
(microtype)                applied to the document.
(microtype)                (Hint: Turn on `verbose' mode).

LaTeX Info: Redefining \microtypecontext on input line 247.
Package microtype Info: Generating PDF output.
Package microtype Info: Character protrusion enabled (level 2).
Package microtype Info: Using protrusion set `basicmath'.
Package microtype Info: Automatic font expansion enabled (level 2),
(microtype)             stretch: 20, shrink: 20, step: 1, non-selected.
Package microtype Info: Using default expansion set `basictext'.
LaTeX Info: Redefining \showhyphens on input line 247.
Package microtype Info: No adjustment of tracking.
Package microtype Info: No adjustment of interword spacing.
Package microtype Info: No adjustment of character kerning.
Package microtype Info: Loading generic protrusion settings for font family
(microtype)             `Carlito-TLF' (encoding: T1).
(microtype)             For optimal results, create family-specific settings.
(microtype)             See the microtype manual for details.
\AtBeginShipoutBox=\box56
Package hyperref Info: Link coloring OFF on input line 247.
(/usr/local/texlive/2015/texmf-dist/tex/latex/hyperref/nameref.sty
Package: nameref 2019/09/16 v2.46 Cross-referencing by name of section
(/usr/local/texlive/2015/texmf-dist/tex/latex/refcount/refcount.sty
Package: refcount 2019/12/15 v3.6 Data extraction from label references (HO)
)
(/usr/local/texlive/2015/texmf-dist/tex/generic/gettitlestring/gettitlestring.s
ty
Package: gettitlestring 2019/12/15 v1.6 Cleanup title references (HO)
)
\c@section@level=\count441
)
LaTeX Info: Redefining \ref on input line 247.
LaTeX Info: Redefining \pageref on input line 247.
LaTeX Info: Redefining \nameref on input line 247.
(./resume.out) (./resume.out)
\@outlinefile=\write4
\openout4 = `resume.out'.

*geometry* driver: auto-detecting
*geometry* detected driver: pdftex
*geometry* verbose mode - [ preamble ] result:
* driver: pdftex
* paper: a4paper
* layout: <same size as paper>
* layoutoffset:(h,v)=(0.0pt,0.0pt)
* modes: 
* h-part:(L,W,R)=(49.79231pt, 497.92325pt, 49.79231pt)
* v-part:(T,H,B)=(62.59596pt, 725.54538pt, 56.9055pt)
* \paperwidth=597.50787pt
* \paperheight=845.04684pt
* \textwidth=497.92325pt
* \textheight=725.54538pt
* \oddsidemargin=-22.47768pt
* \evensidemargin=-22.47768pt
* \topmargin=-46.67403pt
* \headheight=15.0pt
* \headsep=25.0pt
* \topskip=10.0pt
* \footskip=30.0pt
* \marginparwidth=57.0pt
* \marginparsep=11.0pt
* \columnsep=10.0pt
* \skip\footins=9.0pt plus 4.0pt minus 2.0pt
* \hoffset=0.0pt
* \voffset=0.0pt
* \mag=1000
* \@twocolumnfalse
* \@twosidefalse
* \@mparswitchfalse
* \@reversemarginfalse
* (1in=72.27pt=25.4mm, 1cm=28.453pt)

Package biblatex Info: Trying to load language 'english'...
Package biblatex Info: ... file 'english.lbx' found.
(/usr/local/texlive/2015/texmf-dist/tex/latex/biblatex/lbx/english.lbx
File: english.lbx 2019/12/01 v3.14 biblatex localization (PK/MW)
)
Package biblatex Info: Input encoding 'utf8' detected.
Package biblatex Info: Data encoding 'utf8' specified.
(biblatex)             No need to reencode data.
\openout3 = `resume.bcf'.

Package biblatex Info: Trying to load bibliographic data...
Package biblatex Info: ... file 'resume.bbl' found.
(./resume.bbl

Package biblatex Warning: The following entry could not be found
(biblatex)                in the database:
(biblatex)                lee2010hkmc:1
(biblatex)                Please verify the spelling and rerun
(biblatex)                LaTeX afterwards.

)

Package biblatex Warning: citation 'lee2010hkmc:1' was not found at all in the 
.bbl, bibliography labels cannot be generated, please correct the citation.

Package biblatex Info: Reference section=0 on input line 247.
Package biblatex Info: Reference segment=0 on input line 247.
ABD: EverySelectfont initializing macros
LaTeX Info: Redefining \selectfont on input line 247.
(/usr/local/texlive/2015/texmf-dist/tex/latex/fmtcount/fc-english.def
File: fc-english.def 2016/01/12
) (/usr/local/texlive/2015/texmf-dist/tex/latex/microtype/mt-cmr.cfg
File: mt-cmr.cfg 2013/05/19 v2.2 microtype config. file: Computer Modern Roman 
(RS)
)
LaTeX Font Info:    External font `cmex10' loaded for size
(Font)              <7> on input line 248.
LaTeX Font Info:    External font `cmex10' loaded for size
(Font)              <5> on input line 248.
LaTeX Font Info:    Font shape `T1/Carlito-TLF/m/n' will be
(Font)              scaled to size 17.28pt on input line 248.
LaTeX Font Info:    Font shape `T1/Carlito-TLF/bx/n' in size <17.28> not availa
ble
(Font)              Font shape `T1/Carlito-TLF/b/n' tried instead on input line
 248.
LaTeX Font Info:    Font shape `T1/Carlito-TLF/b/n' will be
(Font)              scaled to size 17.28pt on input line 248.
LaTeX Font Info:    Trying to load font information for LUC+nanumgt on input li
ne 248.
(/usr/local/texlive/2015/texmf-dist/tex/latex/nanumtype1/lucnanumgt.fd
File: lucnanumgt.fd 2013/02/12 v0.1 Nanum Gothic font definitions
)
LaTeX Font Info:    Font shape `T1/Carlito-TLF/m/n' will be
(Font)              scaled to size 12.0pt on input line 248.
LaTeX Font Info:    Font shape `T1/Carlito-TLF/bx/n' in size <10> not available

(Font)              Font shape `T1/Carlito-TLF/b/n' tried instead on input line
 248.
LaTeX Font Info:    Font shape `T1/Carlito-TLF/b/n' will be
(Font)              scaled to size 10.0pt on input line 248.
LaTeX Font Info:    Font shape `T1/Carlito-TLF/m/n' will be
(Font)              scaled to size 9.0pt on input line 248.
LaTeX Font Info:    External font `cmex10' loaded for size
(Font)              <9> on input line 248.
LaTeX Font Info:    External font `cmex10' loaded for size
(Font)              <6> on input line 248.
LaTeX Font Info:    Trying to load font information for U+fontawesometwo on inp
ut line 248.
(/usr/local/texlive/2015/texmf-dist/tex/latex/fontawesome/ufontawesometwo.fd
File: ufontawesometwo.fd 2016/05/22 Font definitions for U/fontawesometwo.
)
LaTeX Font Info:    Trying to load font information for U+fontawesomethree on i
nput line 248.
(/usr/local/texlive/2015/texmf-dist/tex/latex/fontawesome/ufontawesomethree.fd
File: ufontawesomethree.fd 2016/05/22 Font definitions for U/fontawesomethree.
)
Overfull \hbox (6.79999pt too wide) in paragraph at lines 248--249
[][][][] 
 []

LaTeX Font Info:    Font shape `T1/Carlito-TLF/bx/n' in size <12> not available

(Font)              Font shape `T1/Carlito-TLF/b/n' tried instead on input line
 252.
LaTeX Font Info:    Font shape `T1/Carlito-TLF/b/n' will be
(Font)              scaled to size 12.0pt on input line 252.
LaTeX Font Info:    Font shape `T1/Carlito-TLF/m/n' will be
(Font)              scaled to size 8.0pt on input line 254.
LaTeX Font Info:    Font shape `T1/Carlito-TLF/m/it' will be
(Font)              scaled to size 10.0pt on input line 276.
LaTeX Font Info:    Font shape `LUC/nanumgt/m/it' in size <10> not available
(Font)              Font shape `LUC/nanumgt/m/sl' tried instead on input line 2
76.

Overfull \hbox (57.58273pt too wide) in alignment at lines 292--292
[] []
 []

[1

{/usr/local/texlive/2015/texmf-var/fonts/map/pdftex/updmap/pdftex.map}]
LaTeX Font Info:    Trying to load font information for T1+DejaVuSansMono-TLF o
n input line 373.
(/usr/local/texlive/2015/texmf-dist/tex/latex/dejavu/T1DejaVuSansMono-TLF.fd
File: T1DejaVuSansMono-TLF.fd 2011/06/01 Font definitions for T1/DejaVuSansMono
-TLF.
)
LaTeX Font Info:    Font shape `T1/DejaVuSansMono-TLF/m/n' will be
(Font)              scaled to size 8.6pt on input line 373.
[2]
Package atveryend Info: Empty hook `BeforeClearDocument' on input line 543.
[3]
Package atveryend Info: Empty hook `AfterLastShipout' on input line 543.
(./resume.aux)
Package atveryend Info: Executing hook `AtVeryEndDocument' on input line 543.
Package atveryend Info: Executing hook `AtEndAfterFileList' on input line 543.
Package rerunfilecheck Info: File `resume.out' has not changed.
(rerunfilecheck)             Checksum: 38A9B3D938B42502CDC43926DBECF945;375.
Package logreq Info: Writing requests to 'resume.run.xml'.
\openout1 = `resume.run.xml'.

Package atveryend Info: Empty hook `AtVeryVeryEnd' on input line 543.
 ) 
Here is how much of TeX's memory you used:
 33440 strings out of 492162
 587077 string characters out of 6125292
 1063537 words of memory out of 5000000
 37220 multiletter control sequences out of 15000+600000
 651935 words of font info for 228 fonts, out of 8000000 for 9000
 1141 hyphenation exceptions out of 8191
 51i,20n,67p,1195b,1185s stack positions out of 5000i,500n,10000p,200000b,80000s
{/usr/local/texlive/2015/texmf-dist/fonts/enc/dvips/dejavu/dejavumono_t1-type
1.enc}{/usr/local/texlive/2015/texmf-dist/fonts/enc/dvips/carlito/crlt_z7vml3.e
nc}{/usr/local/texlive/2015/texmf-dist/fonts/enc/dvips/fontawesome/fontawesomet
hree.enc}{/usr/local/texlive/2015/texmf-dist/fonts/enc/dvips/fontawesome/fontaw
esometwo.enc}</usr/local/texlive/2015/texmf-dist/fonts/type1/typoland/carlito/C
arlito-Bold.pfb></usr/local/texlive/2015/texmf-dist/fonts/type1/typoland/carlit
o/Carlito-Italic.pfb></usr/local/texlive/2015/texmf-dist/fonts/type1/typoland/c
arlito/Carlito.pfb></usr/local/texlive/2015/texmf-dist/fonts/type1/public/dejav
u/DejaVuSansMono.pfb></usr/local/texlive/2015/texmf-dist/fonts/type1/public/fon
tawesome/FontAwesome.pfb></usr/local/texlive/2015/texmf-dist/fonts/type1/public
/nanumtype1/nanumgtbac.pfb></usr/local/texlive/2015/texmf-dist/fonts/type1/publ
ic/nanumtype1/nanumgtbad.pfb></usr/local/texlive/2015/texmf-dist/fonts/type1/pu
blic/nanumtype1/nanumgtbae.pfb></usr/local/texlive/2015/texmf-dist/fonts/type1/
public/nanumtype1/nanumgtbb1.pfb></usr/local/texlive/2015/texmf-dist/fonts/type
1/public/nanumtype1/nanumgtbb2.pfb></usr/local/texlive/2015/texmf-dist/fonts/ty
pe1/public/nanumtype1/nanumgtbb3.pfb></usr/local/texlive/2015/texmf-dist/fonts/
type1/public/nanumtype1/nanumgtbb5.pfb></usr/local/texlive/2015/texmf-dist/font
s/type1/public/nanumtype1/nanumgtbb8.pfb></usr/local/texlive/2015/texmf-dist/fo
nts/type1/public/nanumtype1/nanumgtbba.pfb></usr/local/texlive/2015/texmf-dist/
fonts/type1/public/nanumtype1/nanumgtbbb.pfb></usr/local/texlive/2015/texmf-dis
t/fonts/type1/public/nanumtype1/nanumgtbbc.pfb></usr/local/texlive/2015/texmf-d
ist/fonts/type1/public/nanumtype1/nanumgtbbd.pfb></usr/local/texlive/2015/texmf
-dist/fonts/type1/public/nanumtype1/nanumgtbc0.pfb></usr/local/texlive/2015/tex
mf-dist/fonts/type1/public/nanumtype1/nanumgtbc1.pfb></usr/local/texlive/2015/t
exmf-dist/fonts/type1/public/nanumtype1/nanumgtbc2.pfb></usr/local/texlive/2015
/texmf-dist/fonts/type1/public/nanumtype1/nanumgtbc4.pfb></usr/local/texlive/20
15/texmf-dist/fonts/type1/public/nanumtype1/nanumgtbc5.pfb></usr/local/texlive/
2015/texmf-dist/fonts/type1/public/nanumtype1/nanumgtbc6.pfb></usr/local/texliv
e/2015/texmf-dist/fonts/type1/public/nanumtype1/nanumgtbc7.pfb></usr/local/texl
ive/2015/texmf-dist/fonts/type1/public/nanumtype1/nanumgtbc8.pfb></usr/local/te
xlive/2015/texmf-dist/fonts/type1/public/nanumtype1/nanumgtbc9.pfb></usr/local/
texlive/2015/texmf-dist/fonts/type1/public/nanumtype1/nanumgtbcc.pfb></usr/loca
l/texlive/2015/texmf-dist/fonts/type1/public/nanumtype1/nanumgtbcd.pfb></usr/lo
cal/texlive/2015/texmf-dist/fonts/type1/public/nanumtype1/nanumgtbcf.pfb></usr/
local/texlive/2015/texmf-dist/fonts/type1/public/nanumtype1/nanumgtbd1.pfb></us
r/local/texlive/2015/texmf-dist/fonts/type1/public/nanumtype1/nanumgtbd2.pfb></
usr/local/texlive/2015/texmf-dist/fonts/type1/public/nanumtype1/nanumgtbd4.pfb>
</usr/local/texlive/2015/texmf-dist/fonts/type1/public/nanumtype1/nanumgtbd5.pf
b></usr/local/texlive/2015/texmf-dist/fonts/type1/public/nanumtype1/nanumgtbd6.
pfb></usr/local/texlive/2015/texmf-dist/fonts/type1/public/nanumtype1/nanumgtma
c.pfb></usr/local/texlive/2015/texmf-dist/fonts/type1/public/nanumtype1/nanumgt
mac.pfb></usr/local/texlive/2015/texmf-dist/fonts/type1/public/nanumtype1/nanum
gtmad.pfb></usr/local/texlive/2015/texmf-dist/fonts/type1/public/nanumtype1/nan
umgtmad.pfb></usr/local/texlive/2015/texmf-dist/fonts/type1/public/nanumtype1/n
anumgtmae.pfb></usr/local/texlive/2015/texmf-dist/fonts/type1/public/nanumtype1
/nanumgtmaf.pfb></usr/local/texlive/2015/texmf-dist/fonts/type1/public/nanumtyp
e1/nanumgtmb0.pfb></usr/local/texlive/2015/texmf-dist/fonts/type1/public/nanumt
ype1/nanumgtmb1.pfb></usr/local/texlive/2015/texmf-dist/fonts/type1/public/nanu
mtype1/nanumgtmb2.pfb></usr/local/texlive/2015/texmf-dist/fonts/type1/public/na
numtype1/nanumgtmb3.pfb></usr/local/texlive/2015/texmf-dist/fonts/type1/public/
nanumtype1/nanumgtmb4.pfb></usr/local/texlive/2015/texmf-dist/fonts/type1/publi
c/nanumtype1/nanumgtmb5.pfb></usr/local/texlive/2015/texmf-dist/fonts/type1/pub
lic/nanumtype1/nanumgtmb5.pfb></usr/local/texlive/2015/texmf-dist/fonts/type1/p
ublic/nanumtype1/nanumgtmb7.pfb></usr/local/texlive/2015/texmf-dist/fonts/type1
/public/nanumtype1/nanumgtmb8.pfb></usr/local/texlive/2015/texmf-dist/fonts/typ
e1/public/nanumtype1/nanumgtmb9.pfb></usr/local/texlive/2015/texmf-dist/fonts/t
ype1/public/nanumtype1/nanumgtmba.pfb></usr/local/texlive/2015/texmf-dist/fonts
/type1/public/nanumtype1/nanumgtmbb.pfb></usr/local/texlive/2015/texmf-dist/fon
ts/type1/public/nanumtype1/nanumgtmbc.pfb></usr/local/texlive/2015/texmf-dist/f
onts/type1/public/nanumtype1/nanumgtmbc.pfb></usr/local/texlive/2015/texmf-dist
/fonts/type1/public/nanumtype1/nanumgtmbd.pfb></usr/local/texlive/2015/texmf-di
st/fonts/type1/public/nanumtype1/nanumgtmbe.pfb></usr/local/texlive/2015/texmf-
dist/fonts/type1/public/nanumtype1/nanumgtmbf.pfb></usr/local/texlive/2015/texm
f-dist/fonts/type1/public/nanumtype1/nanumgtmc0.pfb></usr/local/texlive/2015/te
xmf-dist/fonts/type1/public/nanumtype1/nanumgtmc1.pfb></usr/local/texlive/2015/
texmf-dist/fonts/type1/public/nanumtype1/nanumgtmc2.pfb></usr/local/texlive/201
5/texmf-dist/fonts/type1/public/nanumtype1/nanumgtmc3.pfb></usr/local/texlive/2
015/texmf-dist/fonts/type1/public/nanumtype1/nanumgtmc3.pfb></usr/local/texlive
/2015/texmf-dist/fonts/type1/public/nanumtype1/nanumgtmc4.pfb></usr/local/texli
ve/2015/texmf-dist/fonts/type1/public/nanumtype1/nanumgtmc5.pfb></usr/local/tex
live/2015/texmf-dist/fonts/type1/public/nanumtype1/nanumgtmc6.pfb></usr/local/t
exlive/2015/texmf-dist/fonts/type1/public/nanumtype1/nanumgtmc6.pfb></usr/local
/texlive/2015/texmf-dist/fonts/type1/public/nanumtype1/nanumgtmc7.pfb></usr/loc
al/texlive/2015/texmf-dist/fonts/type1/public/nanumtype1/nanumgtmc7.pfb></usr/l
ocal/texlive/2015/texmf-dist/fonts/type1/public/nanumtype1/nanumgtmc8.pfb></usr
/local/texlive/2015/texmf-dist/fonts/type1/public/nanumtype1/nanumgtmc8.pfb></u
sr/local/texlive/2015/texmf-dist/fonts/type1/public/nanumtype1/nanumgtmc9.pfb><
/usr/local/texlive/2015/texmf-dist/fonts/type1/public/nanumtype1/nanumgtmc9.pfb
></usr/local/texlive/2015/texmf-dist/fonts/type1/public/nanumtype1/nanumgtmcc.p
fb></usr/local/texlive/2015/texmf-dist/fonts/type1/public/nanumtype1/nanumgtmcd
.pfb></usr/local/texlive/2015/texmf-dist/fonts/type1/public/nanumtype1/nanumgtm
ce.pfb></usr/local/texlive/2015/texmf-dist/fonts/type1/public/nanumtype1/nanumg
tmcf.pfb></usr/local/texlive/2015/texmf-dist/fonts/type1/public/nanumtype1/nanu
mgtmd0.pfb></usr/local/texlive/2015/texmf-dist/fonts/type1/public/nanumtype1/na
numgtmd1.pfb></usr/local/texlive/2015/texmf-dist/fonts/type1/public/nanumtype1/
nanumgtmd1.pfb></usr/local/texlive/2015/texmf-dist/fonts/type1/public/nanumtype
1/nanumgtmd2.pfb></usr/local/texlive/2015/texmf-dist/fonts/type1/public/nanumty
pe1/nanumgtmd3.pfb></usr/local/texlive/2015/texmf-dist/fonts/type1/public/nanum
type1/nanumgtmd3.pfb></usr/local/texlive/2015/texmf-dist/fonts/type1/public/nan
umtype1/nanumgtmd4.pfb></usr/local/texlive/2015/texmf-dist/fonts/type1/public/n
anumtype1/nanumgtmd5.pfb></usr/local/texlive/2015/texmf-dist/fonts/type1/public
/nanumtype1/nanumgtmd5.pfb></usr/local/texlive/2015/texmf-dist/fonts/type1/publ
ic/nanumtype1/nanumgtmd6.pfb></usr/local/texlive/2015/texmf-dist/fonts/type1/pu
blic/nanumtype1/nanumgtmd6.pfb></usr/local/texlive/2015/texmf-dist/fonts/type1/
public/nanumtype1/nanumgtmd7.pfb></usr/local/texlive/2015/texmf-dist/fonts/type
1/urw/zapfding/uzdr.pfb>
Output written on resume.pdf (3 pages, 1639962 bytes).
PDF statistics:
 535 PDF objects out of 1000 (max. 8388607)
 436 compressed objects within 5 object streams
 61 named destinations out of 1000 (max. 500000)
 22569 words of extra memory for PDF output out of 24883 (max. 10000000)

